/usr/lib/python3/dist-packages/requests/__init__.py:91: RequestsDependencyWarning: urllib3 (1.26.7) or chardet (3.0.4) doesn't match a supported version!
  RequestsDependencyWarning)
cuda
240 80
tensor([1, 1, 0, 1, 1, 1, 1, 1])
torch.Size([8, 3, 384, 578])
MobileNetV2(
  (features): Sequential(
    (0): Sequential(
      (0): Conv2d(3, 32, kernel_size=(3, 3), stride=(2, 2), padding=(1, 1), bias=False)
      (1): BatchNorm2d(32, eps=1e-05, momentum=0.1, affine=True, track_running_stats=True)
      (2): ReLU6(inplace=True)
    )
    (1): InvertedResidual(
      (conv): Sequential(
        (0): Conv2d(32, 32, kernel_size=(3, 3), stride=(1, 1), padding=(1, 1), groups=32, bias=False)
        (1): BatchNorm2d(32, eps=1e-05, momentum=0.1, affine=True, track_running_stats=True)
        (2): ReLU6(inplace=True)
        (3): Conv2d(32, 16, kernel_size=(1, 1), stride=(1, 1), bias=False)
        (4): BatchNorm2d(16, eps=1e-05, momentum=0.1, affine=True, track_running_stats=True)
      )
    )
    (2): InvertedResidual(
      (conv): Sequential(
        (0): Conv2d(16, 96, kernel_size=(1, 1), stride=(1, 1), bias=False)
        (1): BatchNorm2d(96, eps=1e-05, momentum=0.1, affine=True, track_running_stats=True)
        (2): ReLU6(inplace=True)
        (3): Conv2d(96, 96, kernel_size=(3, 3), stride=(2, 2), padding=(1, 1), groups=96, bias=False)
        (4): BatchNorm2d(96, eps=1e-05, momentum=0.1, affine=True, track_running_stats=True)
        (5): ReLU6(inplace=True)
        (6): Conv2d(96, 24, kernel_size=(1, 1), stride=(1, 1), bias=False)
        (7): BatchNorm2d(24, eps=1e-05, momentum=0.1, affine=True, track_running_stats=True)
      )
    )
    (3): InvertedResidual(
      (conv): Sequential(
        (0): Conv2d(24, 144, kernel_size=(1, 1), stride=(1, 1), bias=False)
        (1): BatchNorm2d(144, eps=1e-05, momentum=0.1, affine=True, track_running_stats=True)
        (2): ReLU6(inplace=True)
        (3): Conv2d(144, 144, kernel_size=(3, 3), stride=(1, 1), padding=(1, 1), groups=144, bias=False)
        (4): BatchNorm2d(144, eps=1e-05, momentum=0.1, affine=True, track_running_stats=True)
        (5): ReLU6(inplace=True)
        (6): Conv2d(144, 24, kernel_size=(1, 1), stride=(1, 1), bias=False)
        (7): BatchNorm2d(24, eps=1e-05, momentum=0.1, affine=True, track_running_stats=True)
      )
    )
    (4): InvertedResidual(
      (conv): Sequential(
        (0): Conv2d(24, 144, kernel_size=(1, 1), stride=(1, 1), bias=False)
        (1): BatchNorm2d(144, eps=1e-05, momentum=0.1, affine=True, track_running_stats=True)
        (2): ReLU6(inplace=True)
        (3): Conv2d(144, 144, kernel_size=(3, 3), stride=(2, 2), padding=(1, 1), groups=144, bias=False)
        (4): BatchNorm2d(144, eps=1e-05, momentum=0.1, affine=True, track_running_stats=True)
        (5): ReLU6(inplace=True)
        (6): Conv2d(144, 32, kernel_size=(1, 1), stride=(1, 1), bias=False)
        (7): BatchNorm2d(32, eps=1e-05, momentum=0.1, affine=True, track_running_stats=True)
      )
    )
    (5): InvertedResidual(
      (conv): Sequential(
        (0): Conv2d(32, 192, kernel_size=(1, 1), stride=(1, 1), bias=False)
        (1): BatchNorm2d(192, eps=1e-05, momentum=0.1, affine=True, track_running_stats=True)
        (2): ReLU6(inplace=True)
        (3): Conv2d(192, 192, kernel_size=(3, 3), stride=(1, 1), padding=(1, 1), groups=192, bias=False)
        (4): BatchNorm2d(192, eps=1e-05, momentum=0.1, affine=True, track_running_stats=True)
        (5): ReLU6(inplace=True)
        (6): Conv2d(192, 32, kernel_size=(1, 1), stride=(1, 1), bias=False)
        (7): BatchNorm2d(32, eps=1e-05, momentum=0.1, affine=True, track_running_stats=True)
      )
    )
    (6): InvertedResidual(
      (conv): Sequential(
        (0): Conv2d(32, 192, kernel_size=(1, 1), stride=(1, 1), bias=False)
        (1): BatchNorm2d(192, eps=1e-05, momentum=0.1, affine=True, track_running_stats=True)
        (2): ReLU6(inplace=True)
        (3): Conv2d(192, 192, kernel_size=(3, 3), stride=(1, 1), padding=(1, 1), groups=192, bias=False)
        (4): BatchNorm2d(192, eps=1e-05, momentum=0.1, affine=True, track_running_stats=True)
        (5): ReLU6(inplace=True)
        (6): Conv2d(192, 32, kernel_size=(1, 1), stride=(1, 1), bias=False)
        (7): BatchNorm2d(32, eps=1e-05, momentum=0.1, affine=True, track_running_stats=True)
      )
    )
    (7): InvertedResidual(
      (conv): Sequential(
        (0): Conv2d(32, 192, kernel_size=(1, 1), stride=(1, 1), bias=False)
        (1): BatchNorm2d(192, eps=1e-05, momentum=0.1, affine=True, track_running_stats=True)
        (2): ReLU6(inplace=True)
        (3): Conv2d(192, 192, kernel_size=(3, 3), stride=(2, 2), padding=(1, 1), groups=192, bias=False)
        (4): BatchNorm2d(192, eps=1e-05, momentum=0.1, affine=True, track_running_stats=True)
        (5): ReLU6(inplace=True)
        (6): Conv2d(192, 64, kernel_size=(1, 1), stride=(1, 1), bias=False)
        (7): BatchNorm2d(64, eps=1e-05, momentum=0.1, affine=True, track_running_stats=True)
      )
    )
    (8): InvertedResidual(
      (conv): Sequential(
        (0): Conv2d(64, 384, kernel_size=(1, 1), stride=(1, 1), bias=False)
        (1): BatchNorm2d(384, eps=1e-05, momentum=0.1, affine=True, track_running_stats=True)
        (2): ReLU6(inplace=True)
        (3): Conv2d(384, 384, kernel_size=(3, 3), stride=(1, 1), padding=(1, 1), groups=384, bias=False)
        (4): BatchNorm2d(384, eps=1e-05, momentum=0.1, affine=True, track_running_stats=True)
        (5): ReLU6(inplace=True)
        (6): Conv2d(384, 64, kernel_size=(1, 1), stride=(1, 1), bias=False)
        (7): BatchNorm2d(64, eps=1e-05, momentum=0.1, affine=True, track_running_stats=True)
      )
    )
    (9): InvertedResidual(
      (conv): Sequential(
        (0): Conv2d(64, 384, kernel_size=(1, 1), stride=(1, 1), bias=False)
        (1): BatchNorm2d(384, eps=1e-05, momentum=0.1, affine=True, track_running_stats=True)
        (2): ReLU6(inplace=True)
        (3): Conv2d(384, 384, kernel_size=(3, 3), stride=(1, 1), padding=(1, 1), groups=384, bias=False)
        (4): BatchNorm2d(384, eps=1e-05, momentum=0.1, affine=True, track_running_stats=True)
        (5): ReLU6(inplace=True)
        (6): Conv2d(384, 64, kernel_size=(1, 1), stride=(1, 1), bias=False)
        (7): BatchNorm2d(64, eps=1e-05, momentum=0.1, affine=True, track_running_stats=True)
      )
    )
    (10): InvertedResidual(
      (conv): Sequential(
        (0): Conv2d(64, 384, kernel_size=(1, 1), stride=(1, 1), bias=False)
        (1): BatchNorm2d(384, eps=1e-05, momentum=0.1, affine=True, track_running_stats=True)
        (2): ReLU6(inplace=True)
        (3): Conv2d(384, 384, kernel_size=(3, 3), stride=(1, 1), padding=(1, 1), groups=384, bias=False)
        (4): BatchNorm2d(384, eps=1e-05, momentum=0.1, affine=True, track_running_stats=True)
        (5): ReLU6(inplace=True)
        (6): Conv2d(384, 64, kernel_size=(1, 1), stride=(1, 1), bias=False)
        (7): BatchNorm2d(64, eps=1e-05, momentum=0.1, affine=True, track_running_stats=True)
      )
    )
    (11): InvertedResidual(
      (conv): Sequential(
        (0): Conv2d(64, 384, kernel_size=(1, 1), stride=(1, 1), bias=False)
        (1): BatchNorm2d(384, eps=1e-05, momentum=0.1, affine=True, track_running_stats=True)
        (2): ReLU6(inplace=True)
        (3): Conv2d(384, 384, kernel_size=(3, 3), stride=(1, 1), padding=(1, 1), groups=384, bias=False)
        (4): BatchNorm2d(384, eps=1e-05, momentum=0.1, affine=True, track_running_stats=True)
        (5): ReLU6(inplace=True)
        (6): Conv2d(384, 96, kernel_size=(1, 1), stride=(1, 1), bias=False)
        (7): BatchNorm2d(96, eps=1e-05, momentum=0.1, affine=True, track_running_stats=True)
      )
    )
    (12): InvertedResidual(
      (conv): Sequential(
        (0): Conv2d(96, 576, kernel_size=(1, 1), stride=(1, 1), bias=False)
        (1): BatchNorm2d(576, eps=1e-05, momentum=0.1, affine=True, track_running_stats=True)
        (2): ReLU6(inplace=True)
        (3): Conv2d(576, 576, kernel_size=(3, 3), stride=(1, 1), padding=(1, 1), groups=576, bias=False)
        (4): BatchNorm2d(576, eps=1e-05, momentum=0.1, affine=True, track_running_stats=True)
        (5): ReLU6(inplace=True)
        (6): Conv2d(576, 96, kernel_size=(1, 1), stride=(1, 1), bias=False)
        (7): BatchNorm2d(96, eps=1e-05, momentum=0.1, affine=True, track_running_stats=True)
      )
    )
    (13): InvertedResidual(
      (conv): Sequential(
        (0): Conv2d(96, 576, kernel_size=(1, 1), stride=(1, 1), bias=False)
        (1): BatchNorm2d(576, eps=1e-05, momentum=0.1, affine=True, track_running_stats=True)
        (2): ReLU6(inplace=True)
        (3): Conv2d(576, 576, kernel_size=(3, 3), stride=(1, 1), padding=(1, 1), groups=576, bias=False)
        (4): BatchNorm2d(576, eps=1e-05, momentum=0.1, affine=True, track_running_stats=True)
        (5): ReLU6(inplace=True)
        (6): Conv2d(576, 96, kernel_size=(1, 1), stride=(1, 1), bias=False)
        (7): BatchNorm2d(96, eps=1e-05, momentum=0.1, affine=True, track_running_stats=True)
      )
    )
    (14): InvertedResidual(
      (conv): Sequential(
        (0): Conv2d(96, 576, kernel_size=(1, 1), stride=(1, 1), bias=False)
        (1): BatchNorm2d(576, eps=1e-05, momentum=0.1, affine=True, track_running_stats=True)
        (2): ReLU6(inplace=True)
        (3): Conv2d(576, 576, kernel_size=(3, 3), stride=(2, 2), padding=(1, 1), groups=576, bias=False)
        (4): BatchNorm2d(576, eps=1e-05, momentum=0.1, affine=True, track_running_stats=True)
        (5): ReLU6(inplace=True)
        (6): Conv2d(576, 160, kernel_size=(1, 1), stride=(1, 1), bias=False)
        (7): BatchNorm2d(160, eps=1e-05, momentum=0.1, affine=True, track_running_stats=True)
      )
    )
    (15): InvertedResidual(
      (conv): Sequential(
        (0): Conv2d(160, 960, kernel_size=(1, 1), stride=(1, 1), bias=False)
        (1): BatchNorm2d(960, eps=1e-05, momentum=0.1, affine=True, track_running_stats=True)
        (2): ReLU6(inplace=True)
        (3): Conv2d(960, 960, kernel_size=(3, 3), stride=(1, 1), padding=(1, 1), groups=960, bias=False)
        (4): BatchNorm2d(960, eps=1e-05, momentum=0.1, affine=True, track_running_stats=True)
        (5): ReLU6(inplace=True)
        (6): Conv2d(960, 160, kernel_size=(1, 1), stride=(1, 1), bias=False)
        (7): BatchNorm2d(160, eps=1e-05, momentum=0.1, affine=True, track_running_stats=True)
      )
    )
    (16): InvertedResidual(
      (conv): Sequential(
        (0): Conv2d(160, 960, kernel_size=(1, 1), stride=(1, 1), bias=False)
        (1): BatchNorm2d(960, eps=1e-05, momentum=0.1, affine=True, track_running_stats=True)
        (2): ReLU6(inplace=True)
        (3): Conv2d(960, 960, kernel_size=(3, 3), stride=(1, 1), padding=(1, 1), groups=960, bias=False)
        (4): BatchNorm2d(960, eps=1e-05, momentum=0.1, affine=True, track_running_stats=True)
        (5): ReLU6(inplace=True)
        (6): Conv2d(960, 160, kernel_size=(1, 1), stride=(1, 1), bias=False)
        (7): BatchNorm2d(160, eps=1e-05, momentum=0.1, affine=True, track_running_stats=True)
      )
    )
    (17): InvertedResidual(
      (conv): Sequential(
        (0): Conv2d(160, 960, kernel_size=(1, 1), stride=(1, 1), bias=False)
        (1): BatchNorm2d(960, eps=1e-05, momentum=0.1, affine=True, track_running_stats=True)
        (2): ReLU6(inplace=True)
        (3): Conv2d(960, 960, kernel_size=(3, 3), stride=(1, 1), padding=(1, 1), groups=960, bias=False)
        (4): BatchNorm2d(960, eps=1e-05, momentum=0.1, affine=True, track_running_stats=True)
        (5): ReLU6(inplace=True)
        (6): Conv2d(960, 320, kernel_size=(1, 1), stride=(1, 1), bias=False)
        (7): BatchNorm2d(320, eps=1e-05, momentum=0.1, affine=True, track_running_stats=True)
      )
    )
    (18): Sequential(
      (0): Conv2d(320, 1280, kernel_size=(1, 1), stride=(1, 1), bias=False)
      (1): BatchNorm2d(1280, eps=1e-05, momentum=0.1, affine=True, track_running_stats=True)
      (2): ReLU6(inplace=True)
    )
  )
  (classifier): Linear(in_features=1280, out_features=2, bias=True)
)
Epoch 0/34
----------
Train Accuracy tensor(0.7995, dtype=torch.float64)
Validation Loss is 0.4625451033934951
Validation Accuracy is 0.7937500000000001
One of the best validation accuracy found.

Epoch 1/34
----------
Train Accuracy tensor(0.8146, dtype=torch.float64)
Validation Loss is 0.53681622792501
Validation Accuracy is 0.8265625000000001
One of the best validation accuracy found.

Epoch 2/34
----------
Train Accuracy tensor(0.8135, dtype=torch.float64)
Validation Loss is 0.4415780081413686
Validation Accuracy is 0.8078125
Epoch 3/34
----------
Train Accuracy tensor(0.8177, dtype=torch.float64)
Validation Loss is 0.39372839466668663
Validation Accuracy is 0.8203125
Epoch 4/34
----------
Train Accuracy tensor(0.8198, dtype=torch.float64)
Validation Loss is 0.5312559731304646
Validation Accuracy is 0.7406250000000001
Epoch 5/34
----------
Train Accuracy tensor(0.8224, dtype=torch.float64)
Validation Loss is 0.4258842322975397
Validation Accuracy is 0.821875
Epoch 6/34
----------
Train Accuracy tensor(0.8219, dtype=torch.float64)
Validation Loss is 0.39939073864370583
Validation Accuracy is 0.8406250000000001
One of the best validation accuracy found.

Epoch 7/34
----------
Train Accuracy tensor(0.8312, dtype=torch.float64)
Validation Loss is 0.3976231960579753
Validation Accuracy is 0.821875
Epoch 8/34
----------
Train Accuracy tensor(0.8187, dtype=torch.float64)
Validation Loss is 0.36902011865749956
Validation Accuracy is 0.8359375
Epoch 9/34
----------
Train Accuracy tensor(0.8448, dtype=torch.float64)
Validation Loss is 0.37750278413295746
Validation Accuracy is 0.83125
Epoch 10/34
----------
Train Accuracy tensor(0.8276, dtype=torch.float64)
Validation Loss is 0.3901670668972656
Validation Accuracy is 0.8296875
Epoch 11/34
----------
Train Accuracy tensor(0.8396, dtype=torch.float64)
Validation Loss is 0.3814516391605139
Validation Accuracy is 0.8359375
Epoch 12/34
----------
Train Accuracy tensor(0.8302, dtype=torch.float64)
Validation Loss is 0.366184706101194
Validation Accuracy is 0.8390625
Epoch 13/34
----------
Train Accuracy tensor(0.8250, dtype=torch.float64)
Validation Loss is 0.368430420383811
Validation Accuracy is 0.8250000000000001
Epoch 14/34
----------
Train Accuracy tensor(0.8490, dtype=torch.float64)
Validation Loss is 0.39194674519822004
Validation Accuracy is 0.8375
Epoch 15/34
----------
Train Accuracy tensor(0.8385, dtype=torch.float64)
Validation Loss is 0.4040186579339206
Validation Accuracy is 0.821875
Epoch 16/34
----------
Train Accuracy tensor(0.8370, dtype=torch.float64)
Validation Loss is 0.43630954346153883
Validation Accuracy is 0.8453125
One of the best validation accuracy found.

Epoch 17/34
----------
Train Accuracy tensor(0.8552, dtype=torch.float64)
Validation Loss is 0.42599476128816605
Validation Accuracy is 0.8078125
Epoch 18/34
----------
Train Accuracy tensor(0.8536, dtype=torch.float64)
Validation Loss is 0.39879967339802536
Validation Accuracy is 0.8406250000000001
Epoch 19/34
----------
Train Accuracy tensor(0.8526, dtype=torch.float64)
Validation Loss is 0.35758962635882197
Validation Accuracy is 0.853125
One of the best validation accuracy found.

Epoch 20/34
----------
Train Accuracy tensor(0.8688, dtype=torch.float64)
Validation Loss is 0.3781013849657029
Validation Accuracy is 0.8390625
Epoch 21/34
----------
Train Accuracy tensor(0.8771, dtype=torch.float64)
Validation Loss is 0.38499238253571094
Validation Accuracy is 0.83125
Epoch 22/34
----------
Train Accuracy tensor(0.8656, dtype=torch.float64)
Validation Loss is 0.37939524282701315
Validation Accuracy is 0.8328125000000001
Epoch 23/34
----------
Train Accuracy tensor(0.8880, dtype=torch.float64)
Validation Loss is 0.3883674116805196
Validation Accuracy is 0.846875
Epoch 24/34
----------
Train Accuracy tensor(0.8823, dtype=torch.float64)
Validation Loss is 0.5229012128547765
Validation Accuracy is 0.821875
Epoch 25/34
----------
Train Accuracy tensor(0.8974, dtype=torch.float64)
Validation Loss is 0.40499467906774955
Validation Accuracy is 0.8343750000000001
Epoch 26/34
----------
Train Accuracy tensor(0.9120, dtype=torch.float64)
Validation Loss is 0.43424107973696663
Validation Accuracy is 0.8421875000000001
Epoch 27/34
----------
Train Accuracy tensor(0.9344, dtype=torch.float64)
Validation Loss is 0.46728477976867
Validation Accuracy is 0.8421875000000001
Epoch 28/34
----------
Train Accuracy tensor(0.9214, dtype=torch.float64)
Validation Loss is 0.5611232760595157
Validation Accuracy is 0.7890625
Epoch 29/34
----------
Train Accuracy tensor(0.9391, dtype=torch.float64)
Validation Loss is 0.5195519872824661
Validation Accuracy is 0.8187500000000001
Epoch 30/34
----------
Train Accuracy tensor(0.9406, dtype=torch.float64)
Validation Loss is 0.5212744963704609
Validation Accuracy is 0.8265625000000001
Epoch 31/34
----------
Train Accuracy tensor(0.9490, dtype=torch.float64)
Validation Loss is 0.5410701806598809
Validation Accuracy is 0.828125
Epoch 32/34
----------
Train Accuracy tensor(0.9469, dtype=torch.float64)
Validation Loss is 0.5285609866783488
Validation Accuracy is 0.815625
Epoch 33/34
----------
Train Accuracy tensor(0.9630, dtype=torch.float64)
Validation Loss is 0.7262987186404644
Validation Accuracy is 0.8421875000000001
Epoch 34/34
----------
Train Accuracy tensor(0.9464, dtype=torch.float64)
Validation Loss is 0.5247295224107802
Validation Accuracy is 0.8125
